This is XeTeX, Version 3.14159265-2.6-0.99992 (TeX Live 2015) (preloaded format=xelatex 2015.5.24)  23 AUG 2015 22:59
entering extended mode
 restricted \write18 enabled.
 file:line:error style messages enabled.
 %&-line parsing enabled.
**Umkondo2015_supplemental_revised.tex
(./Umkondo2015_supplemental_revised.tex
LaTeX2e <2015/01/01>
Babel <3.9l> and hyphenation patterns for 79 languages loaded.
(/usr/local/texlive/2015/texmf-dist/tex/latex/base/article.cls
Document Class: article 2014/09/29 v1.4h Standard LaTeX document class
(/usr/local/texlive/2015/texmf-dist/tex/latex/base/size11.clo
File: size11.clo 2014/09/29 v1.4h Standard LaTeX file (size option)
)
\c@part=\count79
\c@section=\count80
\c@subsection=\count81
\c@subsubsection=\count82
\c@paragraph=\count83
\c@subparagraph=\count84
\c@figure=\count85
\c@table=\count86
\abovecaptionskip=\skip41
\belowcaptionskip=\skip42
\bibindent=\dimen102
)
(/usr/local/texlive/2015/texmf-dist/tex/latex/graphics/graphicx.sty
Package: graphicx 2014/10/28 v1.0g Enhanced LaTeX Graphics (DPC,SPQR)

(/usr/local/texlive/2015/texmf-dist/tex/latex/graphics/keyval.sty
Package: keyval 2014/10/28 v1.15 key=value parser (DPC)
\KV@toks@=\toks14
)
(/usr/local/texlive/2015/texmf-dist/tex/latex/graphics/graphics.sty
Package: graphics 2014/10/28 v1.0p Standard LaTeX Graphics (DPC,SPQR)

(/usr/local/texlive/2015/texmf-dist/tex/latex/graphics/trig.sty
Package: trig 1999/03/16 v1.09 sin cos tan (DPC)
)
(/usr/local/texlive/2015/texmf-dist/tex/latex/latexconfig/graphics.cfg
File: graphics.cfg 2010/04/23 v1.9 graphics configuration of TeX Live
)
Package graphics Info: Driver file: xetex.def on input line 94.

(/usr/local/texlive/2015/texmf-dist/tex/xelatex/xetex-def/xetex.def
File: xetex.def 2015/03/25 v4.04 LaTeX color/graphics driver for XeTeX (TeX Liv
e/RRM/JK)
))
\Gin@req@height=\dimen103
\Gin@req@width=\dimen104
)
(/usr/local/texlive/2015/texmf-dist/tex/latex/adjustbox/adjustbox.sty
Package: adjustbox 2012/05/21 v1.0 Adjusting TeX boxes (trim, clip, ...)

(/usr/local/texlive/2015/texmf-dist/tex/latex/xkeyval/xkeyval.sty
Package: xkeyval 2014/12/03 v2.7a package option processing (HA)

(/usr/local/texlive/2015/texmf-dist/tex/generic/xkeyval/xkeyval.tex
(/usr/local/texlive/2015/texmf-dist/tex/generic/xkeyval/xkvutils.tex
\XKV@toks=\toks15
\XKV@tempa@toks=\toks16
)
\XKV@depth=\count87
File: xkeyval.tex 2014/12/03 v2.7a key=value parser (HA)
))
(/usr/local/texlive/2015/texmf-dist/tex/latex/adjustbox/adjcalc.sty
Package: adjcalc 2012/05/16 v1.1 Provides advanced setlength with multiple back
-ends (calc, etex, pgfmath)
)
(/usr/local/texlive/2015/texmf-dist/tex/latex/adjustbox/trimclip.sty
Package: trimclip 2012/05/16 v1.0 Trim and clip general TeX material

(/usr/local/texlive/2015/texmf-dist/tex/latex/collectbox/collectbox.sty
Package: collectbox 2012/05/17 v0.4b Collect macro arguments as boxes
\collectedbox=\box26
)
\tc@llx=\dimen105
\tc@lly=\dimen106
\tc@urx=\dimen107
\tc@ury=\dimen108
Package trimclip Info: Using driver 'tc-xetex.def'.

(/usr/local/texlive/2015/texmf-dist/tex/latex/adjustbox/tc-xetex.def
File: tc-xetex.def 2012/05/13 v1.0 Clipping driver for xetex
))
\adjbox@Width=\dimen109
\adjbox@Height=\dimen110
\adjbox@Depth=\dimen111
\adjbox@Totalheight=\dimen112

(/usr/local/texlive/2015/texmf-dist/tex/latex/ifoddpage/ifoddpage.sty
Package: ifoddpage 2011/09/13 v1.0 Conditionals for odd/even page detection
\c@checkoddpage=\count88
)
(/usr/local/texlive/2015/texmf-dist/tex/latex/varwidth/varwidth.sty
Package: varwidth 2009/03/30 ver 0.92;  Variable-width minipages
\@vwid@box=\box27
\sift@deathcycles=\count89
\@vwid@loff=\dimen113
\@vwid@roff=\dimen114
))
(/usr/local/texlive/2015/texmf-dist/tex/latex/graphics/color.sty
Package: color 2014/10/28 v1.1a Standard LaTeX Color (DPC)

(/usr/local/texlive/2015/texmf-dist/tex/latex/latexconfig/color.cfg
File: color.cfg 2007/01/18 v1.5 color configuration of teTeX/TeXLive
)
Package color Info: Driver file: xetex.def on input line 142.
)
(/usr/local/texlive/2015/texmf-dist/tex/latex/tools/enumerate.sty
Package: enumerate 2014/10/28 v3.00 enumerate extensions (DPC)
\@enLab=\toks17
)
(/usr/local/texlive/2015/texmf-dist/tex/latex/geometry/geometry.sty
Package: geometry 2010/09/12 v5.6 Page Geometry

(/usr/local/texlive/2015/texmf-dist/tex/generic/oberdiek/ifpdf.sty
Package: ifpdf 2011/01/30 v2.3 Provides the ifpdf switch (HO)
Package ifpdf Info: pdfTeX in PDF mode is not detected.
)
(/usr/local/texlive/2015/texmf-dist/tex/generic/oberdiek/ifvtex.sty
Package: ifvtex 2010/03/01 v1.5 Detect VTeX and its facilities (HO)
Package ifvtex Info: VTeX not detected.
)
(/usr/local/texlive/2015/texmf-dist/tex/generic/ifxetex/ifxetex.sty
Package: ifxetex 2010/09/12 v0.6 Provides ifxetex conditional
)
\Gm@cnth=\count90
\Gm@cntv=\count91
\c@Gm@tempcnt=\count92
\Gm@bindingoffset=\dimen115
\Gm@wd@mp=\dimen116
\Gm@odd@mp=\dimen117
\Gm@even@mp=\dimen118
\Gm@layoutwidth=\dimen119
\Gm@layoutheight=\dimen120
\Gm@layouthoffset=\dimen121
\Gm@layoutvoffset=\dimen122
\Gm@dimlist=\toks18
)
(/usr/local/texlive/2015/texmf-dist/tex/latex/amsmath/amsmath.sty
Package: amsmath 2013/01/14 v2.14 AMS math features
\@mathmargin=\skip43

For additional information on amsmath, use the `?' option.
(/usr/local/texlive/2015/texmf-dist/tex/latex/amsmath/amstext.sty
Package: amstext 2000/06/29 v2.01

(/usr/local/texlive/2015/texmf-dist/tex/latex/amsmath/amsgen.sty
File: amsgen.sty 1999/11/30 v2.0
\@emptytoks=\toks19
\ex@=\dimen123
))
(/usr/local/texlive/2015/texmf-dist/tex/latex/amsmath/amsbsy.sty
Package: amsbsy 1999/11/29 v1.2d
\pmbraise@=\dimen124
)
(/usr/local/texlive/2015/texmf-dist/tex/latex/amsmath/amsopn.sty
Package: amsopn 1999/12/14 v2.01 operator names
)
\inf@bad=\count93
LaTeX Info: Redefining \frac on input line 210.
\uproot@=\count94
\leftroot@=\count95
LaTeX Info: Redefining \overline on input line 306.
\classnum@=\count96
\DOTSCASE@=\count97
LaTeX Info: Redefining \ldots on input line 378.
LaTeX Info: Redefining \dots on input line 381.
LaTeX Info: Redefining \cdots on input line 466.
\Mathstrutbox@=\box28
\strutbox@=\box29
\big@size=\dimen125
LaTeX Font Info:    Redeclaring font encoding OML on input line 566.
LaTeX Font Info:    Redeclaring font encoding OMS on input line 567.
\macc@depth=\count98
\c@MaxMatrixCols=\count99
\dotsspace@=\muskip10
\c@parentequation=\count100
\dspbrk@lvl=\count101
\tag@help=\toks20
\row@=\count102
\column@=\count103
\maxfields@=\count104
\andhelp@=\toks21
\eqnshift@=\dimen126
\alignsep@=\dimen127
\tagshift@=\dimen128
\tagwidth@=\dimen129
\totwidth@=\dimen130
\lineht@=\dimen131
\@envbody=\toks22
\multlinegap=\skip44
\multlinetaggap=\skip45
\mathdisplay@stack=\toks23
LaTeX Info: Redefining \[ on input line 2665.
LaTeX Info: Redefining \] on input line 2666.
)
(/usr/local/texlive/2015/texmf-dist/tex/latex/amsfonts/amssymb.sty
Package: amssymb 2013/01/14 v3.01 AMS font symbols

(/usr/local/texlive/2015/texmf-dist/tex/latex/amsfonts/amsfonts.sty
Package: amsfonts 2013/01/14 v3.01 Basic AMSFonts support
\symAMSa=\mathgroup4
\symAMSb=\mathgroup5
LaTeX Font Info:    Overwriting math alphabet `\mathfrak' in version `bold'
(Font)                  U/euf/m/n --> U/euf/b/n on input line 106.
))
(/usr/local/texlive/2015/texmf-dist/tex/latex/eurosym/eurosym.sty
Package: eurosym 1998/08/06 v1.1 European currency symbol ``Euro''
\@eurobox=\box30
)
(/usr/local/texlive/2015/texmf-dist/tex/latex/ucs/ucs.sty
Package: ucs 2013/05/11 v2.2 UCS: Unicode input support

(/usr/local/texlive/2015/texmf-dist/tex/latex/ucs/data/uni-global.def
File: uni-global.def 2013/05/13 UCS: Unicode global data
)
\uc@secondtry=\count105
\uc@combtoks=\toks24
\uc@combtoksb=\toks25
\uc@temptokena=\toks26
)
(/usr/local/texlive/2015/texmf-dist/tex/latex/base/inputenc.sty
Package: inputenc 2015/03/17 v1.2c Input encoding file
\inpenc@prehook=\toks27
\inpenc@posthook=\toks28


Package inputenc Warning: inputenc package ignored with utf8 based engines.

) (/usr/local/texlive/2015/texmf-dist/tex/latex/fancyvrb/fancyvrb.sty
Package: fancyvrb 2008/02/07

Style option: `fancyvrb' v2.7a, with DG/SPQR fixes, and firstline=lastline fix 
<2008/02/07> (tvz)
\FV@CodeLineNo=\count106
\FV@InFile=\read1
\FV@TabBox=\box31
\c@FancyVerbLine=\count107
\FV@StepNumber=\count108
\FV@OutFile=\write3
)
(/usr/local/texlive/2015/texmf-dist/tex/latex/oberdiek/grffile.sty
Package: grffile 2012/04/05 v1.16 Extended file name support for graphics (HO)

(/usr/local/texlive/2015/texmf-dist/tex/latex/oberdiek/kvoptions.sty
Package: kvoptions 2011/06/30 v3.11 Key value format for package options (HO)

(/usr/local/texlive/2015/texmf-dist/tex/generic/oberdiek/ltxcmds.sty
Package: ltxcmds 2011/11/09 v1.22 LaTeX kernel commands for general use (HO)
)
(/usr/local/texlive/2015/texmf-dist/tex/generic/oberdiek/kvsetkeys.sty
Package: kvsetkeys 2012/04/25 v1.16 Key value parser (HO)

(/usr/local/texlive/2015/texmf-dist/tex/generic/oberdiek/infwarerr.sty
Package: infwarerr 2010/04/08 v1.3 Providing info/warning/error messages (HO)
)
(/usr/local/texlive/2015/texmf-dist/tex/generic/oberdiek/etexcmds.sty
Package: etexcmds 2011/02/16 v1.5 Avoid name clashes with e-TeX commands (HO)

(/usr/local/texlive/2015/texmf-dist/tex/generic/oberdiek/ifluatex.sty
Package: ifluatex 2010/03/01 v1.3 Provides the ifluatex switch (HO)
Package ifluatex Info: LuaTeX not detected.
)
Package etexcmds Info: Could not find \expanded.
(etexcmds)             That can mean that you are not using pdfTeX 1.50 or
(etexcmds)             that some package has redefined \expanded.
(etexcmds)             In the latter case, load this package earlier.
)))
(/usr/local/texlive/2015/texmf-dist/tex/generic/oberdiek/pdftexcmds.sty
Package: pdftexcmds 2011/11/29 v0.20 Utility functions of pdfTeX for LuaTeX (HO
)
Package pdftexcmds Info: LuaTeX not detected.
Package pdftexcmds Info: pdfTeX >= 1.30 not detected.
Package pdftexcmds Info: \pdf@primitive is available.
Package pdftexcmds Info: \pdf@ifprimitive is available.
Package pdftexcmds Info: \pdfdraftmode not found.
)
Package grffile Info: \Gread@QTm patched on input line 253.
Package grffile Info: \Gread@eps patched on input line 303.
Package grffile Info: Option `multidot' is set to `true'.
Package grffile Info: Option `extendedchars' is set to `false'.
Package grffile Info: Option `space' is set to `true'.
Package grffile Info: \Gin@ii of package `graphicx' fixed on input line 486.
)
(/usr/local/texlive/2015/texmf-dist/tex/latex/hyperref/hyperref.sty
Package: hyperref 2012/11/06 v6.83m Hypertext links for LaTeX

(/usr/local/texlive/2015/texmf-dist/tex/generic/oberdiek/hobsub-hyperref.sty
Package: hobsub-hyperref 2012/05/28 v1.13 Bundle oberdiek, subset hyperref (HO)


(/usr/local/texlive/2015/texmf-dist/tex/generic/oberdiek/hobsub-generic.sty
Package: hobsub-generic 2012/05/28 v1.13 Bundle oberdiek, subset generic (HO)
Package: hobsub 2012/05/28 v1.13 Construct package bundles (HO)
Package hobsub Info: Skipping package `infwarerr' (already loaded).
Package hobsub Info: Skipping package `ltxcmds' (already loaded).
Package hobsub Info: Skipping package `ifluatex' (already loaded).
Package hobsub Info: Skipping package `ifvtex' (already loaded).
Package: intcalc 2007/09/27 v1.1 Expandable calculations with integers (HO)
Package hobsub Info: Skipping package `ifpdf' (already loaded).
Package hobsub Info: Skipping package `etexcmds' (already loaded).
Package hobsub Info: Skipping package `kvsetkeys' (already loaded).
Package: kvdefinekeys 2011/04/07 v1.3 Define keys (HO)
Package hobsub Info: Skipping package `pdftexcmds' (already loaded).
Package: pdfescape 2011/11/25 v1.13 Implements pdfTeX's escape features (HO)
Package: bigintcalc 2012/04/08 v1.3 Expandable calculations on big integers (HO
)
Package: bitset 2011/01/30 v1.1 Handle bit-vector datatype (HO)
Package: uniquecounter 2011/01/30 v1.2 Provide unlimited unique counter (HO)
)
Package hobsub Info: Skipping package `hobsub' (already loaded).
Package: letltxmacro 2010/09/02 v1.4 Let assignment for LaTeX macros (HO)
Package: hopatch 2012/05/28 v1.2 Wrapper for package hooks (HO)
Package: xcolor-patch 2011/01/30 xcolor patch
Package: atveryend 2011/06/30 v1.8 Hooks at the very end of document (HO)
Package atveryend Info: \enddocument detected (standard20110627).
Package: atbegshi 2011/10/05 v1.16 At begin shipout hook (HO)
Package: refcount 2011/10/16 v3.4 Data extraction from label references (HO)
Package: hycolor 2011/01/30 v1.7 Color options for hyperref/bookmark (HO)
)
(/usr/local/texlive/2015/texmf-dist/tex/latex/oberdiek/auxhook.sty
Package: auxhook 2011/03/04 v1.3 Hooks for auxiliary files (HO)
)
\@linkdim=\dimen132
\Hy@linkcounter=\count109
\Hy@pagecounter=\count110

(/usr/local/texlive/2015/texmf-dist/tex/latex/hyperref/pd1enc.def
File: pd1enc.def 2012/11/06 v6.83m Hyperref: PDFDocEncoding definition (HO)
)
\Hy@SavedSpaceFactor=\count111

(/usr/local/texlive/2015/texmf-dist/tex/latex/latexconfig/hyperref.cfg
File: hyperref.cfg 2002/06/06 v1.2 hyperref configuration of TeXLive
)
Package hyperref Info: Hyper figures OFF on input line 4443.
Package hyperref Info: Link nesting OFF on input line 4448.
Package hyperref Info: Hyper index ON on input line 4451.
Package hyperref Info: Plain pages OFF on input line 4458.
Package hyperref Info: Backreferencing OFF on input line 4463.
Package hyperref Info: Implicit mode ON; LaTeX internals redefined.
Package hyperref Info: Bookmarks ON on input line 4688.
\c@Hy@tempcnt=\count112

(/usr/local/texlive/2015/texmf-dist/tex/latex/url/url.sty
\Urlmuskip=\muskip11
Package: url 2013/09/16  ver 3.4  Verb mode for urls, etc.
)
LaTeX Info: Redefining \url on input line 5041.
\XeTeXLinkMargin=\dimen133
\Fld@menulength=\count113
\Field@Width=\dimen134
\Fld@charsize=\dimen135
Package hyperref Info: Hyper figures OFF on input line 6295.
Package hyperref Info: Link nesting OFF on input line 6300.
Package hyperref Info: Hyper index ON on input line 6303.
Package hyperref Info: backreferencing OFF on input line 6310.
Package hyperref Info: Link coloring OFF on input line 6315.
Package hyperref Info: Link coloring with OCG OFF on input line 6320.
Package hyperref Info: PDF/A mode OFF on input line 6325.
LaTeX Info: Redefining \ref on input line 6365.
LaTeX Info: Redefining \pageref on input line 6369.
\Hy@abspage=\count114
\c@Item=\count115
\c@Hfootnote=\count116
)

Package hyperref Message: Driver (autodetected): hxetex.

(/usr/local/texlive/2015/texmf-dist/tex/latex/hyperref/hxetex.def
File: hxetex.def 2012/11/06 v6.83m Hyperref driver for XeTeX

(/usr/local/texlive/2015/texmf-dist/tex/latex/hyperref/puenc.def
File: puenc.def 2012/11/06 v6.83m Hyperref: PDF Unicode definition (HO)
)
(/usr/local/texlive/2015/texmf-dist/tex/generic/oberdiek/stringenc.sty
Package: stringenc 2011/12/02 v1.10 Convert strings between diff. encodings (HO
)
)
\pdfm@box=\box32
\c@Hy@AnnotLevel=\count117
\HyField@AnnotCount=\count118
\Fld@listcount=\count119
\c@bookmark@seq@number=\count120

(/usr/local/texlive/2015/texmf-dist/tex/latex/oberdiek/rerunfilecheck.sty
Package: rerunfilecheck 2011/04/15 v1.7 Rerun checks for auxiliary files (HO)
Package rerunfilecheck Info: Feature \pdfmdfivesum is not available
(rerunfilecheck)             (e.g. pdfTeX or LuaTeX with package `pdftexcmds').

(rerunfilecheck)             Therefore file contents cannot be checked efficien
tly
(rerunfilecheck)             and the loading of the package is aborted.
)
\Hy@SectionHShift=\skip46
)
(/usr/local/texlive/2015/texmf-dist/tex/latex/tools/longtable.sty
Package: longtable 2014/10/28 v4.11 Multi-page Table package (DPC)
\LTleft=\skip47
\LTright=\skip48
\LTpre=\skip49
\LTpost=\skip50
\LTchunksize=\count121
\LTcapwidth=\dimen136
\LT@head=\box33
\LT@firsthead=\box34
\LT@foot=\box35
\LT@lastfoot=\box36
\LT@cols=\count122
\LT@rows=\count123
\c@LT@tables=\count124
\c@LT@chunks=\count125
\LT@p@ftn=\toks29
)
(/usr/local/texlive/2015/texmf-dist/tex/latex/booktabs/booktabs.sty
Package: booktabs 2005/04/14 v1.61803 publication quality tables
\heavyrulewidth=\dimen137
\lightrulewidth=\dimen138
\cmidrulewidth=\dimen139
\belowrulesep=\dimen140
\belowbottomsep=\dimen141
\aboverulesep=\dimen142
\abovetopsep=\dimen143
\cmidrulesep=\dimen144
\cmidrulekern=\dimen145
\defaultaddspace=\dimen146
\@cmidla=\count126
\@cmidlb=\count127
\@aboverulesep=\dimen147
\@belowrulesep=\dimen148
\@thisruleclass=\count128
\@lastruleclass=\count129
\@thisrulewidth=\dimen149
)
Package color Info: Redefining color red on input line 39.
Package color Info: Redefining color green on input line 40.
Package color Info: Redefining color blue on input line 42.
Package color Info: Redefining color cyan on input line 44.
Package color Info: Redefining color lightgray on input line 45.
Package hyperref Info: Option `breaklinks' set `true' on input line 200.
Package hyperref Info: Option `colorlinks' set `true' on input line 200.

(/usr/local/texlive/2015/texmf-dist/tex/latex/base/textcomp.sty
Package: textcomp 2005/09/27 v1.99g Standard LaTeX package
Package textcomp Info: Sub-encoding information:
(textcomp)               5 = only ISO-Adobe without \textcurrency
(textcomp)               4 = 5 + \texteuro
(textcomp)               3 = 4 + \textohm
(textcomp)               2 = 3 + \textestimated + \textcurrency
(textcomp)               1 = TS1 - \textcircled - \t
(textcomp)               0 = TS1 (full)
(textcomp)             Font families with sub-encoding setting implement
(textcomp)             only a restricted character set as indicated.
(textcomp)             Family '?' is the default used for unknown fonts.
(textcomp)             See the documentation for details.
Package textcomp Info: Setting ? sub-encoding to TS1/1 on input line 79.

(/usr/local/texlive/2015/texmf-dist/tex/latex/base/ts1enc.def
File: ts1enc.def 2001/06/05 v3.0e (jk/car/fm) Standard LaTeX file
)
LaTeX Info: Redefining \oldstylenums on input line 334.
Package textcomp Info: Setting cmr sub-encoding to TS1/0 on input line 349.
Package textcomp Info: Setting cmss sub-encoding to TS1/0 on input line 350.
Package textcomp Info: Setting cmtt sub-encoding to TS1/0 on input line 351.
Package textcomp Info: Setting cmvtt sub-encoding to TS1/0 on input line 352.
Package textcomp Info: Setting cmbr sub-encoding to TS1/0 on input line 353.
Package textcomp Info: Setting cmtl sub-encoding to TS1/0 on input line 354.
Package textcomp Info: Setting ccr sub-encoding to TS1/0 on input line 355.
Package textcomp Info: Setting ptm sub-encoding to TS1/4 on input line 356.
Package textcomp Info: Setting pcr sub-encoding to TS1/4 on input line 357.
Package textcomp Info: Setting phv sub-encoding to TS1/4 on input line 358.
Package textcomp Info: Setting ppl sub-encoding to TS1/3 on input line 359.
Package textcomp Info: Setting pag sub-encoding to TS1/4 on input line 360.
Package textcomp Info: Setting pbk sub-encoding to TS1/4 on input line 361.
Package textcomp Info: Setting pnc sub-encoding to TS1/4 on input line 362.
Package textcomp Info: Setting pzc sub-encoding to TS1/4 on input line 363.
Package textcomp Info: Setting bch sub-encoding to TS1/4 on input line 364.
Package textcomp Info: Setting put sub-encoding to TS1/5 on input line 365.
Package textcomp Info: Setting uag sub-encoding to TS1/5 on input line 366.
Package textcomp Info: Setting ugq sub-encoding to TS1/5 on input line 367.
Package textcomp Info: Setting ul8 sub-encoding to TS1/4 on input line 368.
Package textcomp Info: Setting ul9 sub-encoding to TS1/4 on input line 369.
Package textcomp Info: Setting augie sub-encoding to TS1/5 on input line 370.
Package textcomp Info: Setting dayrom sub-encoding to TS1/3 on input line 371.
Package textcomp Info: Setting dayroms sub-encoding to TS1/3 on input line 372.

Package textcomp Info: Setting pxr sub-encoding to TS1/0 on input line 373.
Package textcomp Info: Setting pxss sub-encoding to TS1/0 on input line 374.
Package textcomp Info: Setting pxtt sub-encoding to TS1/0 on input line 375.
Package textcomp Info: Setting txr sub-encoding to TS1/0 on input line 376.
Package textcomp Info: Setting txss sub-encoding to TS1/0 on input line 377.
Package textcomp Info: Setting txtt sub-encoding to TS1/0 on input line 378.
Package textcomp Info: Setting lmr sub-encoding to TS1/0 on input line 379.
Package textcomp Info: Setting lmdh sub-encoding to TS1/0 on input line 380.
Package textcomp Info: Setting lmss sub-encoding to TS1/0 on input line 381.
Package textcomp Info: Setting lmssq sub-encoding to TS1/0 on input line 382.
Package textcomp Info: Setting lmvtt sub-encoding to TS1/0 on input line 383.
Package textcomp Info: Setting lmtt sub-encoding to TS1/0 on input line 384.
Package textcomp Info: Setting qhv sub-encoding to TS1/0 on input line 385.
Package textcomp Info: Setting qag sub-encoding to TS1/0 on input line 386.
Package textcomp Info: Setting qbk sub-encoding to TS1/0 on input line 387.
Package textcomp Info: Setting qcr sub-encoding to TS1/0 on input line 388.
Package textcomp Info: Setting qcs sub-encoding to TS1/0 on input line 389.
Package textcomp Info: Setting qpl sub-encoding to TS1/0 on input line 390.
Package textcomp Info: Setting qtm sub-encoding to TS1/0 on input line 391.
Package textcomp Info: Setting qzc sub-encoding to TS1/0 on input line 392.
Package textcomp Info: Setting qhvc sub-encoding to TS1/0 on input line 393.
Package textcomp Info: Setting futs sub-encoding to TS1/4 on input line 394.
Package textcomp Info: Setting futx sub-encoding to TS1/4 on input line 395.
Package textcomp Info: Setting futj sub-encoding to TS1/4 on input line 396.
Package textcomp Info: Setting hlh sub-encoding to TS1/3 on input line 397.
Package textcomp Info: Setting hls sub-encoding to TS1/3 on input line 398.
Package textcomp Info: Setting hlst sub-encoding to TS1/3 on input line 399.
Package textcomp Info: Setting hlct sub-encoding to TS1/5 on input line 400.
Package textcomp Info: Setting hlx sub-encoding to TS1/5 on input line 401.
Package textcomp Info: Setting hlce sub-encoding to TS1/5 on input line 402.
Package textcomp Info: Setting hlcn sub-encoding to TS1/5 on input line 403.
Package textcomp Info: Setting hlcw sub-encoding to TS1/5 on input line 404.
Package textcomp Info: Setting hlcf sub-encoding to TS1/5 on input line 405.
Package textcomp Info: Setting pplx sub-encoding to TS1/3 on input line 406.
Package textcomp Info: Setting pplj sub-encoding to TS1/3 on input line 407.
Package textcomp Info: Setting ptmx sub-encoding to TS1/4 on input line 408.
Package textcomp Info: Setting ptmj sub-encoding to TS1/4 on input line 409.
)
(/usr/local/texlive/2015/texmf-dist/tex/latex/marvosym/marvosym.sty
Package: marvosym 2011/07/20 v2.2 Martin Vogel's Symbols font definitions


/usr/local/texlive/2015/texmf-dist/tex/latex/marvosym/marvosym.sty:154: LaTeX E
rror: Command \EUR already defined.
               Or name \end... illegal, see p.192 of the manual.

See the LaTeX manual or LaTeX Companion for explanation.
Type  H <return>  for immediate help.
 ...                                              
                                                  
l.154 \newcommand\EUR{\mvchr{164}}
                                  
Your command was ignored.
Type  I <command> <return>  to replace it with another command,
or  <return>  to continue without it.

) (/usr/local/texlive/2015/texmf-dist/tex/latex/changepage/changepage.sty
Package: changepage 2009/10/20 v1.0c check page and change page layout
\c@cp@cntr=\count130
\cp@tempcnt=\count131
LaTeX Info: Redefining \checkoddpage on input line 59.
)
(/usr/local/texlive/2015/texmf-dist/tex/latex/rotating/rotating.sty
Package: rotating 2009/03/28 v2.16a rotated objects in LaTeX

(/usr/local/texlive/2015/texmf-dist/tex/latex/base/ifthen.sty
Package: ifthen 2014/09/29 v1.1c Standard LaTeX ifthen package (DPC)
)
\c@r@tfl@t=\count132
\rotFPtop=\skip51
\rotFPbot=\skip52
\rot@float@box=\box37
\rot@mess@toks=\toks30
)
(/usr/local/texlive/2015/texmf-dist/tex/latex/natbib/natbib.sty
Package: natbib 2010/09/13 8.31b (PWD, AO)
\bibhang=\skip53
\bibsep=\skip54
LaTeX Info: Redefining \cite on input line 694.
\c@NAT@ctr=\count133
)
(/usr/local/texlive/2015/texmf-dist/tex/latex/setspace/setspace.sty
Package: setspace 2011/12/19 v6.7a set line spacing
)
(/usr/local/texlive/2015/texmf-dist/tex/latex/caption/caption.sty
Package: caption 2013/05/02 v3.3-89 Customizing captions (AR)

(/usr/local/texlive/2015/texmf-dist/tex/latex/caption/caption3.sty
Package: caption3 2013/05/02 v1.6-88 caption3 kernel (AR)
Package caption3 Info: TeX engine: e-TeX on input line 57.
\captionmargin=\dimen150
\captionmargin@=\dimen151
\captionwidth=\dimen152
\caption@tempdima=\dimen153
\caption@indent=\dimen154
\caption@parindent=\dimen155
\caption@hangindent=\dimen156
)
\c@ContinuedFloat=\count134
Package caption Info: hyperref package is loaded.
Package caption Info: longtable package is loaded.

(/usr/local/texlive/2015/texmf-dist/tex/latex/caption/ltcaption.sty
Package: ltcaption 2013/02/03 v1.3-62 longtable captions (AR)
)
Package caption Info: rotating package is loaded.
)
(/usr/local/texlive/2015/texmf-dist/tex/latex/lastpage/lastpage.sty
Package: lastpage 2015/03/29 v1.2m Refers to last page's name (HMM; JPG)
)
(/usr/local/texlive/2015/texmf-dist/tex/latex/fancyhdr/fancyhdr.sty
\fancy@headwidth=\skip55
\f@ncyO@elh=\skip56
\f@ncyO@erh=\skip57
\f@ncyO@olh=\skip58
\f@ncyO@orh=\skip59
\f@ncyO@elf=\skip60
\f@ncyO@erf=\skip61
\f@ncyO@olf=\skip62
\f@ncyO@orf=\skip63
)
(/usr/local/texlive/2015/texmf-dist/tex/latex/oberdiek/epstopdf.sty
Package: epstopdf 2010/02/09 v2.5 Conversion with epstopdf on the fly (HO)

(/usr/local/texlive/2015/texmf-dist/tex/latex/oberdiek/epstopdf-base.sty
Package: epstopdf-base 2010/02/09 v2.5 Base part for package epstopdf

(/usr/local/texlive/2015/texmf-dist/tex/latex/oberdiek/grfext.sty
Package: grfext 2010/08/19 v1.1 Manage graphics extensions (HO)
)

Package epstopdf Warning: Drivers other than `pdftex.def' are not supported.

))
(/Users/Laurentia/0000_Github/2015_Umkondo/Manuscript/Supporting_Information_Fi
les/.texpadtmp/Umkondo2015_supplemental_revised.aux

LaTeX Warning: Label `thermal-demag' multiply defined.


LaTeX Warning: Label `af-demag' multiply defined.


LaTeX Warning: Label `thermal-demag' multiply defined.


LaTeX Warning: Label `af-demag' multiply defined.


LaTeX Warning: Label `thermal-demag' multiply defined.


LaTeX Warning: Label `af-demag' multiply defined.


LaTeX Warning: Label `thermal-demag' multiply defined.


LaTeX Warning: Label `af-demag' multiply defined.


LaTeX Warning: Label `thermal-demag' multiply defined.


LaTeX Warning: Label `thermal-demag' multiply defined.


LaTeX Warning: Label `thermal-demag' multiply defined.


LaTeX Warning: Label `af-demag' multiply defined.


LaTeX Warning: Label `thermal-demag' multiply defined.


LaTeX Warning: Label `af-demag' multiply defined.


LaTeX Warning: Label `thermal-demag' multiply defined.


LaTeX Warning: Label `af-demag' multiply defined.


LaTeX Warning: Label `thermal-demag' multiply defined.


LaTeX Warning: Label `af-demag' multiply defined.


LaTeX Warning: Label `thermal-demag' multiply defined.


LaTeX Warning: Label `af-demag' multiply defined.


LaTeX Warning: Label `thermal-demag' multiply defined.


LaTeX Warning: Label `af-demag' multiply defined.


LaTeX Warning: Label `thermal-demag' multiply defined.


LaTeX Warning: Label `af-demag' multiply defined.


LaTeX Warning: Label `thermal-demag' multiply defined.


LaTeX Warning: Label `af-demag' multiply defined.


LaTeX Warning: Label `thermal-demag' multiply defined.


LaTeX Warning: Label `af-demag' multiply defined.


LaTeX Warning: Label `thermal-demag' multiply defined.


LaTeX Warning: Label `af-demag' multiply defined.


LaTeX Warning: Label `thermal-demag' multiply defined.


LaTeX Warning: Label `af-demag' multiply defined.


LaTeX Warning: Label `af-data' multiply defined.


LaTeX Warning: Label `thermal-demag' multiply defined.


LaTeX Warning: Label `af-demag' multiply defined.


LaTeX Warning: Label `af-demag' multiply defined.


LaTeX Warning: Label `thermal-demag' multiply defined.


LaTeX Warning: Label `af-demag' multiply defined.


LaTeX Warning: Label `thermal-demag' multiply defined.


LaTeX Warning: Label `af-demag' multiply defined.


LaTeX Warning: Label `thermal-demag' multiply defined.


LaTeX Warning: Label `af-demag' multiply defined.


LaTeX Warning: Label `thermal-demag' multiply defined.


LaTeX Warning: Label `af-demag' multiply defined.

)
\openout1 = `Umkondo2015_supplemental_revised.aux'.

LaTeX Font Info:    Checking defaults for OML/cmm/m/it on input line 265.
LaTeX Font Info:    ... okay on input line 265.
LaTeX Font Info:    Checking defaults for T1/cmr/m/n on input line 265.
LaTeX Font Info:    ... okay on input line 265.
LaTeX Font Info:    Checking defaults for OT1/cmr/m/n on input line 265.
LaTeX Font Info:    ... okay on input line 265.
LaTeX Font Info:    Checking defaults for OMS/cmsy/m/n on input line 265.
LaTeX Font Info:    ... okay on input line 265.
LaTeX Font Info:    Checking defaults for OMX/cmex/m/n on input line 265.
LaTeX Font Info:    ... okay on input line 265.
LaTeX Font Info:    Checking defaults for U/cmr/m/n on input line 265.
LaTeX Font Info:    ... okay on input line 265.
LaTeX Font Info:    Checking defaults for PD1/pdf/m/n on input line 265.
LaTeX Font Info:    ... okay on input line 265.
LaTeX Font Info:    Checking defaults for PU/pdf/m/n on input line 265.
LaTeX Font Info:    ... okay on input line 265.
LaTeX Font Info:    Checking defaults for TS1/cmr/m/n on input line 265.
LaTeX Font Info:    Try loading font information for TS1+cmr on input line 265.

 (/usr/local/texlive/2015/texmf-dist/tex/latex/base/ts1cmr.fd
File: ts1cmr.fd 2014/09/29 v2.5h Standard LaTeX font definitions
)
LaTeX Font Info:    ... okay on input line 265.

*geometry* driver: auto-detecting
*geometry* detected driver: xetex
*geometry* verbose mode - [ preamble ] result:
* driver: xetex
* paper: letterpaper
* layout: <same size as paper>
* layoutoffset:(h,v)=(0.0pt,0.0pt)
* modes: 
* h-part:(L,W,R)=(72.26999pt, 469.75502pt, 72.26999pt)
* v-part:(T,H,B)=(72.26999pt, 650.43001pt, 72.26999pt)
* \paperwidth=614.295pt
* \paperheight=794.96999pt
* \textwidth=469.75499pt
* \textheight=614.295pt
* \oddsidemargin=0.0pt
* \evensidemargin=0.0pt
* \topmargin=0.0pt
* \headheight=0.0pt
* \headsep=36.135pt
* \topskip=11.0pt
* \footskip=30.0pt
* \marginparwidth=59.0pt
* \marginparsep=10.0pt
* \columnsep=10.0pt
* \skip\footins=10.0pt plus 4.0pt minus 2.0pt
* \hoffset=0.0pt
* \voffset=0.0pt
* \mag=1000
* \@twocolumnfalse
* \@twosidefalse
* \@mparswitchfalse
* \@reversemarginfalse
* (1in=72.27pt=25.4mm, 1cm=28.453pt)

(/usr/local/texlive/2015/texmf-dist/tex/latex/ucs/ucsencs.def
File: ucsencs.def 2011/01/21 Fixes to fontencodings LGR, T3
)
\AtBeginShipoutBox=\box38
Package hyperref Info: Link coloring ON on input line 265.

(/usr/local/texlive/2015/texmf-dist/tex/latex/hyperref/nameref.sty
Package: nameref 2012/10/27 v2.43 Cross-referencing by name of section

(/usr/local/texlive/2015/texmf-dist/tex/generic/oberdiek/gettitlestring.sty
Package: gettitlestring 2010/12/03 v1.4 Cleanup title references (HO)
)
\c@section@level=\count135
)
LaTeX Info: Redefining \ref on input line 265.
LaTeX Info: Redefining \pageref on input line 265.
LaTeX Info: Redefining \nameref on input line 265.

(/Users/Laurentia/0000_Github/2015_Umkondo/Manuscript/Supporting_Information_Fi
les/.texpadtmp/Umkondo2015_supplemental_revised.out)
(/Users/Laurentia/0000_Github/2015_Umkondo/Manuscript/Supporting_Information_Fi
les/.texpadtmp/Umkondo2015_supplemental_revised.out)
\@outlinefile=\write4
\openout4 = `Umkondo2015_supplemental_revised.out'.

Package caption Info: Begin \AtBeginDocument code.
Package caption Info: End \AtBeginDocument code.
Package lastpage Info: Please have a look at the pageslts package at
(lastpage)             https://www.ctan.org/pkg/pageslts
(lastpage)             ! on input line 265.
LaTeX Font Info:    Try loading font information for U+msa on input line 270.

(/usr/local/texlive/2015/texmf-dist/tex/latex/amsfonts/umsa.fd
File: umsa.fd 2013/01/14 v3.01 AMS symbols A
)
LaTeX Font Info:    Try loading font information for U+msb on input line 270.

(/usr/local/texlive/2015/texmf-dist/tex/latex/amsfonts/umsb.fd
File: umsb.fd 2013/01/14 v3.01 AMS symbols B
)
(/Users/Laurentia/0000_Github/2015_Umkondo/Manuscript/Supporting_Information_Fi
les/.texpadtmp/Umkondo2015_supplemental_revised.toc

Package Fancyhdr Warning: \headheight is too small (0.0pt): 
 Make it at least 13.59999pt.
 We now make it that large for the rest of the document.
 This may cause the page layout to be inconsistent, however.

(/usr/local/texlive/2015/texmf-dist/tex/generic/oberdiek/se-ascii-print.def
File: se-ascii-print.def 2011/12/02 v1.10 stringenc: Printable ASCII characters

)
[1

] [2] [3])
\tf@toc=\write5
\openout5 = `Umkondo2015_supplemental_revised.toc'.

 [4]
LaTeX Font Info:    Try loading font information for OML+cmr on input line 345.

 (/usr/local/texlive/2015/texmf-dist/tex/latex/base/omlcmr.fd
File: omlcmr.fd 2014/09/29 v2.5h Standard LaTeX font definitions
)
LaTeX Font Info:    Font shape `OML/cmr/m/n' in size <10.95> not available
(Font)              Font shape `OML/cmm/m/it' tried instead on input line 345.
Missing character: There is no º in font cmr10!

[5]
Missing character: There is no º in font cmr10!
Missing character: There is no º in font cmr10!
Missing character: There is no º in font cmr10!
 [6]
LaTeX Font Info:    Font shape `OT1/cmtt/bx/n' in size <10.95> not available
(Font)              Font shape `OT1/cmtt/m/n' tried instead on input line 486.
 [7] [8]
Overfull \hbox (123.31183pt too wide) in paragraph at lines 566--663
[][]  
 []

[9]
Overfull \vbox (36.405pt too high) has occurred while \output is active []


[10]
File: Umkondo_Published_Data_Compilation_files/Umkondo_Published_Data_Compilati
on_14_0.png Graphic file (type QTm)

<use  "Umkondo_Published_Data_Compilation_files/Umkondo_Published_Data_Compilat
ion_14_0.png" > [11]
Overfull \hbox (1222.14856pt too wide) in paragraph at lines 702--713
[][]  
 []

File: Umkondo_Published_Data_Compilation_files/Umkondo_Published_Data_Compilati
on_20_0.png Graphic file (type QTm)

<use  "Umkondo_Published_Data_Compilation_files/Umkondo_Published_Data_Compilat
ion_20_0.png" > [12] [13]
File: Umkondo_Published_Data_Compilation_files/Umkondo_Published_Data_Compilati
on_25_1.png Graphic file (type QTm)

<use  "Umkondo_Published_Data_Compilation_files/Umkondo_Published_Data_Compilat
ion_25_1.png" > [14] [15]
File: Umkondo_Published_Data_Compilation_files/Umkondo_Published_Data_Compilati
on_27_0.png Graphic file (type QTm)

<use  "Umkondo_Published_Data_Compilation_files/Umkondo_Published_Data_Compilat
ion_27_0.png" >
LaTeX Font Info:    Try loading font information for OMS+cmtt on input line 836
.
LaTeX Font Info:    No file OMScmtt.fd. on input line 836.


LaTeX Font Warning: Font shape `OMS/cmtt/m/n' undefined
(Font)              using `OMS/cmsy/m/n' instead
(Font)              for symbol `textbraceleft' on input line 836.

[16]
Missing character: There is no ° in font cmr10!
Missing character: There is no ° in font cmr10!
 [17]
File: Umkondo_Published_Data_Compilation_files/Umkondo_Published_Data_Compilati
on_32_0.png Graphic file (type QTm)

<use  "Umkondo_Published_Data_Compilation_files/Umkondo_Published_Data_Compilat
ion_32_0.png" > [18] [19]
File: Umkondo_Published_Data_Compilation_files/Umkondo_Published_Data_Compilati
on_35_0.png Graphic file (type QTm)

<use  "Umkondo_Published_Data_Compilation_files/Umkondo_Published_Data_Compilat
ion_35_0.png" > [20]
Missing character: There is no ° in font cmr10!
File: Umkondo_Published_Data_Compilation_files/Umkondo_Published_Data_Compilati
on_38_0.png Graphic file (type QTm)

<use  "Umkondo_Published_Data_Compilation_files/Umkondo_Published_Data_Compilat
ion_38_0.png" > [21] [22]
File: Umkondo_Published_Data_Compilation_files/Umkondo_Published_Data_Compilati
on_42_1.png Graphic file (type QTm)

<use  "Umkondo_Published_Data_Compilation_files/Umkondo_Published_Data_Compilat
ion_42_1.png" > [23] [24]
File: Umkondo_Published_Data_Compilation_files/Umkondo_Published_Data_Compilati
on_47_0.png Graphic file (type QTm)

<use  "Umkondo_Published_Data_Compilation_files/Umkondo_Published_Data_Compilat
ion_47_0.png" > [25] [26]
File: Umkondo_Published_Data_Compilation_files/Umkondo_Published_Data_Compilati
on_50_0.png Graphic file (type QTm)

<use  "Umkondo_Published_Data_Compilation_files/Umkondo_Published_Data_Compilat
ion_50_0.png" > [27] [28]
File: Umkondo_Published_Data_Compilation_files/Umkondo_Published_Data_Compilati
on_54_0.png Graphic file (type QTm)

<use  "Umkondo_Published_Data_Compilation_files/Umkondo_Published_Data_Compilat
ion_54_0.png" > [29]
File: Umkondo_Published_Data_Compilation_files/Umkondo_Published_Data_Compilati
on_56_0.png Graphic file (type QTm)

<use  "Umkondo_Published_Data_Compilation_files/Umkondo_Published_Data_Compilat
ion_56_0.png" > [30] [31] [32]
File: Umkondo_Published_Data_Compilation_files/Umkondo_Published_Data_Compilati
on_64_0.png Graphic file (type QTm)

<use  "Umkondo_Published_Data_Compilation_files/Umkondo_Published_Data_Compilat
ion_64_0.png" > [33]
File: Umkondo_Published_Data_Compilation_files/Umkondo_Published_Data_Compilati
on_68_0.png Graphic file (type QTm)

<use  "Umkondo_Published_Data_Compilation_files/Umkondo_Published_Data_Compilat
ion_68_0.png" > [34]
File: Umkondo_Published_Data_Compilation_files/Umkondo_Published_Data_Compilati
on_69_0.png Graphic file (type QTm)

<use  "Umkondo_Published_Data_Compilation_files/Umkondo_Published_Data_Compilat
ion_69_0.png" > [35] [36]
File: Umkondo_Published_Data_Compilation_files/Umkondo_Published_Data_Compilati
on_70_0.png Graphic file (type QTm)

<use  "Umkondo_Published_Data_Compilation_files/Umkondo_Published_Data_Compilat
ion_70_0.png" > [37]
File: Umkondo_Published_Data_Compilation_files/Umkondo_Published_Data_Compilati
on_75_0.png Graphic file (type QTm)

<use  "Umkondo_Published_Data_Compilation_files/Umkondo_Published_Data_Compilat
ion_75_0.png" > [38] [39]
File: Umkondo_Published_Data_Compilation_files/Umkondo_Published_Data_Compilati
on_79_0.png Graphic file (type QTm)

<use  "Umkondo_Published_Data_Compilation_files/Umkondo_Published_Data_Compilat
ion_79_0.png" > [40]
File: Umkondo_Published_Data_Compilation_files/Umkondo_Published_Data_Compilati
on_80_0.png Graphic file (type QTm)

<use  "Umkondo_Published_Data_Compilation_files/Umkondo_Published_Data_Compilat
ion_80_0.png" > [41] [42]
File: Umkondo_Published_Data_Compilation_files/Umkondo_Published_Data_Compilati
on_81_0.png Graphic file (type QTm)

<use  "Umkondo_Published_Data_Compilation_files/Umkondo_Published_Data_Compilat
ion_81_0.png" >
Missing character: There is no ± in font cmr10!
 [43]
File: Umkondo_Published_Data_Compilation_files/Umkondo_Published_Data_Compilati
on_84_0.png Graphic file (type QTm)

<use  "Umkondo_Published_Data_Compilation_files/Umkondo_Published_Data_Compilat
ion_84_0.png" > [44]
File: Umkondo_Published_Data_Compilation_files/Umkondo_Published_Data_Compilati
on_88_0.png Graphic file (type QTm)

<use  "Umkondo_Published_Data_Compilation_files/Umkondo_Published_Data_Compilat
ion_88_0.png" > [45] [46]
Overfull \hbox (1222.14856pt too wide) in paragraph at lines 1723--1734
[][]  
 []

[47] [48]
File: Umkondo_Published_Data_Compilation_files/Umkondo_Published_Data_Compilati
on_90_0.png Graphic file (type QTm)

<use  "Umkondo_Published_Data_Compilation_files/Umkondo_Published_Data_Compilat
ion_90_0.png" > [49] [50]
File: Umkondo_Published_Data_Compilation_files/Umkondo_Published_Data_Compilati
on_92_0.png Graphic file (type QTm)

<use  "Umkondo_Published_Data_Compilation_files/Umkondo_Published_Data_Compilat
ion_92_0.png" > [51] [52]
File: Umkondo_Published_Data_Compilation_files/Umkondo_Published_Data_Compilati
on_94_0.png Graphic file (type QTm)

<use  "Umkondo_Published_Data_Compilation_files/Umkondo_Published_Data_Compilat
ion_94_0.png" > [53] [54] [55]
File: Umkondo_Published_Data_Compilation_files/Umkondo_Published_Data_Compilati
on_101_0.png Graphic file (type QTm)

<use  "Umkondo_Published_Data_Compilation_files/Umkondo_Published_Data_Compilat
ion_101_0.png" > [56]
File: Umkondo_Published_Data_Compilation_files/Umkondo_Published_Data_Compilati
on_105_0.png Graphic file (type QTm)

<use  "Umkondo_Published_Data_Compilation_files/Umkondo_Published_Data_Compilat
ion_105_0.png" > [57]
Overfull \vbox (0.79056pt too high) has occurred while \output is active []


[58]
File: Umkondo_Published_Data_Compilation_files/Umkondo_Published_Data_Compilati
on_107_0.png Graphic file (type QTm)

<use  "Umkondo_Published_Data_Compilation_files/Umkondo_Published_Data_Compilat
ion_107_0.png" > [59]
Overfull \vbox (101.17679pt too high) has occurred while \output is active []


[60]
Overfull \hbox (1216.60417pt too wide) in paragraph at lines 2128--2139
[][]  
 []


Overfull \hbox (1246.83174pt too wide) in paragraph at lines 2156--2167
[][]  
 []

File: Umkondo_Published_Data_Compilation_files/Umkondo_Published_Data_Compilati
on_114_0.png Graphic file (type QTm)

<use  "Umkondo_Published_Data_Compilation_files/Umkondo_Published_Data_Compilat
ion_114_0.png" > [61]
Missing character: There is no ± in font cmr10!
 [62] [63]
File: Umkondo_Published_Data_Compilation_files/Umkondo_Published_Data_Compilati
on_120_0.png Graphic file (type QTm)

<use  "Umkondo_Published_Data_Compilation_files/Umkondo_Published_Data_Compilat
ion_120_0.png" > [64]
File: Umkondo_Published_Data_Compilation_files/Umkondo_Published_Data_Compilati
on_123_0.png Graphic file (type QTm)

<use  "Umkondo_Published_Data_Compilation_files/Umkondo_Published_Data_Compilat
ion_123_0.png" > [65]
File: Umkondo_Published_Data_Compilation_files/Umkondo_Published_Data_Compilati
on_127_0.png Graphic file (type QTm)

<use  "Umkondo_Published_Data_Compilation_files/Umkondo_Published_Data_Compilat
ion_127_0.png" > [66] [67]
File: Umkondo_Published_Data_Compilation_files/Umkondo_Published_Data_Compilati
on_131_0.png Graphic file (type QTm)

<use  "Umkondo_Published_Data_Compilation_files/Umkondo_Published_Data_Compilat
ion_131_0.png" > [68]
Missing character: There is no ± in font cmr10!
Missing character: There is no ± in font cmr10!
Missing character: There is no ± in font cmr10!
Missing character: There is no ± in font cmr10!
Missing character: There is no ± in font cmr10!
 [69]
File: Umkondo_Published_Data_Compilation_files/Umkondo_Published_Data_Compilati
on_134_0.png Graphic file (type QTm)

<use  "Umkondo_Published_Data_Compilation_files/Umkondo_Published_Data_Compilat
ion_134_0.png" > [70]
File: Umkondo_Published_Data_Compilation_files/Umkondo_Published_Data_Compilati
on_139_0.png Graphic file (type QTm)

<use  "Umkondo_Published_Data_Compilation_files/Umkondo_Published_Data_Compilat
ion_139_0.png" > [71] [72]
File: Umkondo_Published_Data_Compilation_files/Umkondo_Published_Data_Compilati
on_143_0.png Graphic file (type QTm)

<use  "Umkondo_Published_Data_Compilation_files/Umkondo_Published_Data_Compilat
ion_143_0.png" > [73]
File: Umkondo_Published_Data_Compilation_files/Umkondo_Published_Data_Compilati
on_146_0.png Graphic file (type QTm)

<use  "Umkondo_Published_Data_Compilation_files/Umkondo_Published_Data_Compilat
ion_146_0.png" > [74] [75]
File: Umkondo_Published_Data_Compilation_files/Umkondo_Published_Data_Compilati
on_149_0.png Graphic file (type QTm)

<use  "Umkondo_Published_Data_Compilation_files/Umkondo_Published_Data_Compilat
ion_149_0.png" > [76] [77]
File: Umkondo_Published_Data_Compilation_files/Umkondo_Published_Data_Compilati
on_151_0.png Graphic file (type QTm)

<use  "Umkondo_Published_Data_Compilation_files/Umkondo_Published_Data_Compilat
ion_151_0.png" > [78]
File: Umkondo_Published_Data_Compilation_files/Umkondo_Published_Data_Compilati
on_153_0.png Graphic file (type QTm)

<use  "Umkondo_Published_Data_Compilation_files/Umkondo_Published_Data_Compilat
ion_153_0.png" > [79]
File: Umkondo_Published_Data_Compilation_files/Umkondo_Published_Data_Compilati
on_157_0.png Graphic file (type QTm)

<use  "Umkondo_Published_Data_Compilation_files/Umkondo_Published_Data_Compilat
ion_157_0.png" > [80]
Missing character: There is no ± in font cmr10!
Missing character: There is no ± in font cmr10!
 [81] [82]
File: Umkondo_Published_Data_Compilation_files/Umkondo_Published_Data_Compilati
on_163_0.png Graphic file (type QTm)

<use  "Umkondo_Published_Data_Compilation_files/Umkondo_Published_Data_Compilat
ion_163_0.png" > [83] [84] [85]
File: Umkondo_Published_Data_Compilation_files/Umkondo_Published_Data_Compilati
on_171_0.png Graphic file (type QTm)

<use  "Umkondo_Published_Data_Compilation_files/Umkondo_Published_Data_Compilat
ion_171_0.png" > [86] [87]
File: Umkondo_Published_Data_Compilation_files/Umkondo_Published_Data_Compilati
on_175_0.png Graphic file (type QTm)

<use  "Umkondo_Published_Data_Compilation_files/Umkondo_Published_Data_Compilat
ion_175_0.png" >
Missing character: There is no ± in font cmr10!
 [88]
File: Umkondo_Published_Data_Compilation_files/Umkondo_Published_Data_Compilati
on_179_1.png Graphic file (type QTm)

<use  "Umkondo_Published_Data_Compilation_files/Umkondo_Published_Data_Compilat
ion_179_1.png" > [89] [90]
File: Umkondo_Published_Data_Compilation_files/Umkondo_Published_Data_Compilati
on_185_0.png Graphic file (type QTm)

<use  "Umkondo_Published_Data_Compilation_files/Umkondo_Published_Data_Compilat
ion_185_0.png" > [91]
Missing character: There is no º in font cmr10!
Missing character: There is no º in font cmr10!
Missing character: There is no º in font cmr10!
 [92]
Overfull \hbox (40.47385pt too wide) in paragraph at lines 3159--3180
[][]  
 []


Overfull \hbox (39.60722pt too wide) in paragraph at lines 3209--3222
[][]  
 []

[93]
Overfull \hbox (90.8178pt too wide) in paragraph at lines 3256--3269
[][]  
 []

[94]
Missing character: There is no º in font cmr10!
Missing character: There is no º in font cmr10!
 [95]
Overfull \hbox (46.65718pt too wide) in paragraph at lines 3348--3364
[][]  
 []

[96]
Overfull \hbox (94.20114pt too wide) in paragraph at lines 3406--3419
[][]  
 []

[97]
Overfull \hbox (18.12415pt too wide) in paragraph at lines 3483--3502
[][]  
 []

[98]
Overfull \hbox (10.4631pt too wide) in paragraph at lines 3552--3568
[][]  
 []

[99]
Overfull \hbox (64.29593pt too wide) in paragraph at lines 3589--3605
[][]  
 []


Overfull \hbox (221.32056pt too wide) in paragraph at lines 3640--3679
[][]  
 []

[100] [101]
File: Umkondo_Published_Data_Compilation_files/Umkondo_Published_Data_Compilati
on_211_0.png Graphic file (type QTm)

<use  "Umkondo_Published_Data_Compilation_files/Umkondo_Published_Data_Compilat
ion_211_0.png" > [102] [103]
Overfull \hbox (221.32056pt too wide) in paragraph at lines 3839--3884
[][]  
 []

[104]
File: Umkondo_Published_Data_Compilation_files/Umkondo_Published_Data_Compilati
on_220_0.png Graphic file (type QTm)

<use  "Umkondo_Published_Data_Compilation_files/Umkondo_Published_Data_Compilat
ion_220_0.png" > [105]
File: Umkondo_Published_Data_Compilation_files/Umkondo_Published_Data_Compilati
on_222_0.png Graphic file (type QTm)

<use  "Umkondo_Published_Data_Compilation_files/Umkondo_Published_Data_Compilat
ion_222_0.png" > [106] [107] [108] [109]
File: Umkondo_New_Data_files/Umkondo_New_Data_8_0.png Graphic file (type QTm)

<use  "Umkondo_New_Data_files/Umkondo_New_Data_8_0.png" > [110]
File: Umkondo_New_Data_files/Umkondo_New_Data_9_0.png Graphic file (type QTm)

<use  "Umkondo_New_Data_files/Umkondo_New_Data_9_0.png" > [111] [112] [113]
[114] [115]
File: Umkondo_New_Data_files/Umkondo_New_Data_19_1.png Graphic file (type QTm)
 <use  "Umkondo_New_Data_files/Umkondo_New_Data_19_1.png" > [116]
[117]
File: Umkondo_New_Data_files/Umkondo_New_Data_20_0.png Graphic file (type QTm)
 <use  "Umkondo_New_Data_files/Umkondo_New_Data_20_0.png" > [118]
File: Umkondo_New_Data_files/Umkondo_New_Data_23_0.png Graphic file (type QTm)

<use  "Umkondo_New_Data_files/Umkondo_New_Data_23_0.png" > [119] [120]
File: Umkondo_New_Data_files/Umkondo_New_Data_27_0.png Graphic file (type QTm)

<use  "Umkondo_New_Data_files/Umkondo_New_Data_27_0.png" > [121]
Overfull \hbox (109.39645pt too wide) in paragraph at lines 4552--4559
[][]  
 []

File: Umkondo_New_Data_files/Umkondo_New_Data_31_0.png Graphic file (type QTm)
<use  "Umkondo_New_Data_files/Umkondo_New_Data_31_0.png" > [122] [123]
File: Umkondo_New_Data_files/Umkondo_New_Data_33_0.png Graphic file (type QTm)

<use  "Umkondo_New_Data_files/Umkondo_New_Data_33_0.png" > [124] [125]
File: Umkondo_New_Data_files/Umkondo_New_Data_36_1.png Graphic file (type QTm)

<use  "Umkondo_New_Data_files/Umkondo_New_Data_36_1.png" > [126]
File: Umkondo_New_Data_files/Umkondo_New_Data_39_0.png Graphic file (type QTm)

<use  "Umkondo_New_Data_files/Umkondo_New_Data_39_0.png" > [127]
File: Umkondo_New_Data_files/Umkondo_New_Data_41_0.png Graphic file (type QTm)

<use  "Umkondo_New_Data_files/Umkondo_New_Data_41_0.png" > [128] [129]
File: Umkondo_New_Data_files/Umkondo_New_Data_46_0.png Graphic file (type QTm)

<use  "Umkondo_New_Data_files/Umkondo_New_Data_46_0.png" > [130]
File: Umkondo_New_Data_files/Umkondo_New_Data_48_0.png Graphic file (type QTm)

<use  "Umkondo_New_Data_files/Umkondo_New_Data_48_0.png" > [131] [132]
File: Umkondo_New_Data_files/Umkondo_New_Data_51_0.png Graphic file (type QTm)

<use  "Umkondo_New_Data_files/Umkondo_New_Data_51_0.png" > [133] [134]
File: Umkondo_New_Data_files/Umkondo_New_Data_55_0.png Graphic file (type QTm)

<use  "Umkondo_New_Data_files/Umkondo_New_Data_55_0.png" > [135]
File: Umkondo_New_Data_files/Umkondo_New_Data_57_0.png Graphic file (type QTm)

<use  "Umkondo_New_Data_files/Umkondo_New_Data_57_0.png" > [136] [137]
File: Umkondo_New_Data_files/Umkondo_New_Data_60_0.png Graphic file (type QTm)

<use  "Umkondo_New_Data_files/Umkondo_New_Data_60_0.png" > [138] [139]
File: Umkondo_New_Data_files/Umkondo_New_Data_64_0.png Graphic file (type QTm)

<use  "Umkondo_New_Data_files/Umkondo_New_Data_64_0.png" > [140]
File: Umkondo_New_Data_files/Umkondo_New_Data_67_0.png Graphic file (type QTm)

<use  "Umkondo_New_Data_files/Umkondo_New_Data_67_0.png" > [141] [142]
File: Umkondo_New_Data_files/Umkondo_New_Data_70_0.png Graphic file (type QTm)

<use  "Umkondo_New_Data_files/Umkondo_New_Data_70_0.png" > [143]
File: Umkondo_New_Data_files/Umkondo_New_Data_73_0.png Graphic file (type QTm)

<use  "Umkondo_New_Data_files/Umkondo_New_Data_73_0.png" > [144] [145] [146]
File: Umkondo_New_Data_files/Umkondo_New_Data_77_0.png Graphic file (type QTm)

<use  "Umkondo_New_Data_files/Umkondo_New_Data_77_0.png" > [147]
File: Umkondo_New_Data_files/Umkondo_New_Data_79_0.png Graphic file (type QTm)

<use  "Umkondo_New_Data_files/Umkondo_New_Data_79_0.png" > [148] [149]
File: Umkondo_New_Data_files/Umkondo_New_Data_82_0.png Graphic file (type QTm)

<use  "Umkondo_New_Data_files/Umkondo_New_Data_82_0.png" > [150]
File: Umkondo_New_Data_files/Umkondo_New_Data_87_0.png Graphic file (type QTm)

<use  "Umkondo_New_Data_files/Umkondo_New_Data_87_0.png" > [151] [152]
File: Umkondo_New_Data_files/Umkondo_New_Data_89_0.png Graphic file (type QTm)

<use  "Umkondo_New_Data_files/Umkondo_New_Data_89_0.png" > [153] [154]
File: Umkondo_New_Data_files/Umkondo_New_Data_92_0.png Graphic file (type QTm)

<use  "Umkondo_New_Data_files/Umkondo_New_Data_92_0.png" > [155]
File: Umkondo_New_Data_files/Umkondo_New_Data_97_0.png Graphic file (type QTm)

<use  "Umkondo_New_Data_files/Umkondo_New_Data_97_0.png" > [156] [157]
File: Umkondo_New_Data_files/Umkondo_New_Data_100_0.png Graphic file (type QTm)


<use  "Umkondo_New_Data_files/Umkondo_New_Data_100_0.png" > [158] [159]
File: Umkondo_New_Data_files/Umkondo_New_Data_103_0.png Graphic file (type QTm)


<use  "Umkondo_New_Data_files/Umkondo_New_Data_103_0.png" > [160]
File: Umkondo_New_Data_files/Umkondo_New_Data_108_0.png Graphic file (type QTm)


<use  "Umkondo_New_Data_files/Umkondo_New_Data_108_0.png" > [161] [162]
File: Umkondo_New_Data_files/Umkondo_New_Data_112_0.png Graphic file (type QTm)


<use  "Umkondo_New_Data_files/Umkondo_New_Data_112_0.png" > [163] [164]
File: Umkondo_New_Data_files/Umkondo_New_Data_114_0.png Graphic file (type QTm)


<use  "Umkondo_New_Data_files/Umkondo_New_Data_114_0.png" > [165]
File: Umkondo_New_Data_files/Umkondo_New_Data_118_0.png Graphic file (type QTm)


<use  "Umkondo_New_Data_files/Umkondo_New_Data_118_0.png" > [166] [167]
File: Umkondo_New_Data_files/Umkondo_New_Data_124_0.png Graphic file (type QTm)


<use  "Umkondo_New_Data_files/Umkondo_New_Data_124_0.png" > [168] [169]
File: Umkondo_New_Data_files/Umkondo_New_Data_127_0.png Graphic file (type QTm)


<use  "Umkondo_New_Data_files/Umkondo_New_Data_127_0.png" > [170] [171]
File: Umkondo_New_Data_files/Umkondo_New_Data_130_0.png Graphic file (type QTm)


<use  "Umkondo_New_Data_files/Umkondo_New_Data_130_0.png" > [172]
File: Umkondo_New_Data_files/Umkondo_New_Data_137_0.png Graphic file (type QTm)


<use  "Umkondo_New_Data_files/Umkondo_New_Data_137_0.png" > [173] [174]
File: Umkondo_New_Data_files/Umkondo_New_Data_140_0.png Graphic file (type QTm)


<use  "Umkondo_New_Data_files/Umkondo_New_Data_140_0.png" > [175] [176]
File: Umkondo_New_Data_files/Umkondo_New_Data_143_0.png Graphic file (type QTm)


<use  "Umkondo_New_Data_files/Umkondo_New_Data_143_0.png" > [177] [178]
File: Umkondo_New_Data_files/Umkondo_New_Data_145_0.png Graphic file (type QTm)


<use  "Umkondo_New_Data_files/Umkondo_New_Data_145_0.png" > [179]
File: Umkondo_New_Data_files/Umkondo_New_Data_147_0.png Graphic file (type QTm)


<use  "Umkondo_New_Data_files/Umkondo_New_Data_147_0.png" > [180]
File: Umkondo_New_Data_files/Umkondo_New_Data_148_0.png Graphic file (type QTm)


<use  "Umkondo_New_Data_files/Umkondo_New_Data_148_0.png" > [181]
File: Umkondo_New_Data_files/Umkondo_New_Data_150_0.png Graphic file (type QTm)


<use  "Umkondo_New_Data_files/Umkondo_New_Data_150_0.png" > [182] [183]
File: Umkondo_New_Data_files/Umkondo_New_Data_154_0.png Graphic file (type QTm)


<use  "Umkondo_New_Data_files/Umkondo_New_Data_154_0.png" > [184] [185]
File: Umkondo_New_Data_files/Umkondo_New_Data_156_0.png Graphic file (type QTm)


<use  "Umkondo_New_Data_files/Umkondo_New_Data_156_0.png" > [186]
File: Umkondo_New_Data_files/Umkondo_New_Data_160_0.png Graphic file (type QTm)


<use  "Umkondo_New_Data_files/Umkondo_New_Data_160_0.png" > [187] [188]
File: Umkondo_New_Data_files/Umkondo_New_Data_163_0.png Graphic file (type QTm)


<use  "Umkondo_New_Data_files/Umkondo_New_Data_163_0.png" > [189]
File: Umkondo_New_Data_files/Umkondo_New_Data_165_0.png Graphic file (type QTm)


<use  "Umkondo_New_Data_files/Umkondo_New_Data_165_0.png" > [190] [191]
File: Umkondo_New_Data_files/Umkondo_New_Data_169_0.png Graphic file (type QTm)


<use  "Umkondo_New_Data_files/Umkondo_New_Data_169_0.png" > [192] [193]
File: Umkondo_New_Data_files/Umkondo_New_Data_174_0.png Graphic file (type QTm)


<use  "Umkondo_New_Data_files/Umkondo_New_Data_174_0.png" > [194]
File: Umkondo_New_Data_files/Umkondo_New_Data_176_0.png Graphic file (type QTm)


<use  "Umkondo_New_Data_files/Umkondo_New_Data_176_0.png" > [195] [196]
File: Umkondo_New_Data_files/Umkondo_New_Data_180_0.png Graphic file (type QTm)


<use  "Umkondo_New_Data_files/Umkondo_New_Data_180_0.png" > [197] [198]
File: Umkondo_New_Data_files/Umkondo_New_Data_184_0.png Graphic file (type QTm)


<use  "Umkondo_New_Data_files/Umkondo_New_Data_184_0.png" > [199]
File: Umkondo_New_Data_files/Umkondo_New_Data_186_0.png Graphic file (type QTm)


<use  "Umkondo_New_Data_files/Umkondo_New_Data_186_0.png" > [200] [201]
File: Umkondo_New_Data_files/Umkondo_New_Data_189_0.png Graphic file (type QTm)


<use  "Umkondo_New_Data_files/Umkondo_New_Data_189_0.png" > [202]
File: Umkondo_New_Data_files/Umkondo_New_Data_193_0.png Graphic file (type QTm)


<use  "Umkondo_New_Data_files/Umkondo_New_Data_193_0.png" > [203] [204]
File: Umkondo_New_Data_files/Umkondo_New_Data_196_0.png Graphic file (type QTm)


<use  "Umkondo_New_Data_files/Umkondo_New_Data_196_0.png" > [205] [206]
File: Umkondo_New_Data_files/Umkondo_New_Data_199_0.png Graphic file (type QTm)


<use  "Umkondo_New_Data_files/Umkondo_New_Data_199_0.png" > [207]
File: Umkondo_New_Data_files/Umkondo_New_Data_204_0.png Graphic file (type QTm)


<use  "Umkondo_New_Data_files/Umkondo_New_Data_204_0.png" > [208] [209]
File: Umkondo_New_Data_files/Umkondo_New_Data_206_0.png Graphic file (type QTm)


<use  "Umkondo_New_Data_files/Umkondo_New_Data_206_0.png" > [210] [211]
File: Umkondo_New_Data_files/Umkondo_New_Data_209_0.png Graphic file (type QTm)


<use  "Umkondo_New_Data_files/Umkondo_New_Data_209_0.png" > [212] [213]
File: Umkondo_New_Data_files/Umkondo_New_Data_214_0.png Graphic file (type QTm)


<use  "Umkondo_New_Data_files/Umkondo_New_Data_214_0.png" > [214]
File: Umkondo_New_Data_files/Umkondo_New_Data_216_0.png Graphic file (type QTm)


<use  "Umkondo_New_Data_files/Umkondo_New_Data_216_0.png" > [215] [216]
File: Umkondo_New_Data_files/Umkondo_New_Data_219_0.png Graphic file (type QTm)


<use  "Umkondo_New_Data_files/Umkondo_New_Data_219_0.png" > [217]
File: Umkondo_New_Data_files/Umkondo_New_Data_224_0.png Graphic file (type QTm)


<use  "Umkondo_New_Data_files/Umkondo_New_Data_224_0.png" > [218] [219]
File: Umkondo_New_Data_files/Umkondo_New_Data_226_0.png Graphic file (type QTm)


<use  "Umkondo_New_Data_files/Umkondo_New_Data_226_0.png" > [220]
File: Umkondo_New_Data_files/Umkondo_New_Data_230_0.png Graphic file (type QTm)


<use  "Umkondo_New_Data_files/Umkondo_New_Data_230_0.png" > [221]
File: Umkondo_New_Data_files/Umkondo_New_Data_235_0.png Graphic file (type QTm)


<use  "Umkondo_New_Data_files/Umkondo_New_Data_235_0.png" > [222] [223]
File: Umkondo_New_Data_files/Umkondo_New_Data_237_0.png Graphic file (type QTm)


<use  "Umkondo_New_Data_files/Umkondo_New_Data_237_0.png" > [224]
File: Umkondo_New_Data_files/Umkondo_New_Data_242_0.png Graphic file (type QTm)


<use  "Umkondo_New_Data_files/Umkondo_New_Data_242_0.png" > [225] [226]
File: Umkondo_New_Data_files/Umkondo_New_Data_244_0.png Graphic file (type QTm)


<use  "Umkondo_New_Data_files/Umkondo_New_Data_244_0.png" > [227]
File: Umkondo_New_Data_files/Umkondo_New_Data_247_0.png Graphic file (type QTm)


<use  "Umkondo_New_Data_files/Umkondo_New_Data_247_0.png" > [228] [229]
File: Umkondo_New_Data_files/Umkondo_New_Data_252_0.png Graphic file (type QTm)


<use  "Umkondo_New_Data_files/Umkondo_New_Data_252_0.png" > [230] [231]
File: Umkondo_New_Data_files/Umkondo_New_Data_254_0.png Graphic file (type QTm)


<use  "Umkondo_New_Data_files/Umkondo_New_Data_254_0.png" > [232] [233]
File: Umkondo_New_Data_files/Umkondo_New_Data_258_0.png Graphic file (type QTm)


<use  "Umkondo_New_Data_files/Umkondo_New_Data_258_0.png" > [234]
File: Umkondo_New_Data_files/Umkondo_New_Data_263_0.png Graphic file (type QTm)


<use  "Umkondo_New_Data_files/Umkondo_New_Data_263_0.png" > [235] [236]
File: Umkondo_New_Data_files/Umkondo_New_Data_265_0.png Graphic file (type QTm)


<use  "Umkondo_New_Data_files/Umkondo_New_Data_265_0.png" > [237]
File: Umkondo_New_Data_files/Umkondo_New_Data_267_0.png Graphic file (type QTm)


<use  "Umkondo_New_Data_files/Umkondo_New_Data_267_0.png" > [238] [239]
File: Umkondo_New_Data_files/Umkondo_New_Data_271_0.png Graphic file (type QTm)


<use  "Umkondo_New_Data_files/Umkondo_New_Data_271_0.png" > [240] [241]
[242]
File: Umkondo_New_Data_files/Umkondo_New_Data_276_0.png Graphic file (type QTm)

 <use  "Umkondo_New_Data_files/Umkondo_New_Data_276_0.png" > [243]
File: Umkondo_New_Data_files/Umkondo_New_Data_279_0.png Graphic file (type QTm)


<use  "Umkondo_New_Data_files/Umkondo_New_Data_279_0.png" > [244]
File: Umkondo_New_Data_files/Umkondo_New_Data_282_0.png Graphic file (type QTm)


<use  "Umkondo_New_Data_files/Umkondo_New_Data_282_0.png" > [245] [246]
File: Umkondo_New_Data_files/Umkondo_New_Data_287_0.png Graphic file (type QTm)


<use  "Umkondo_New_Data_files/Umkondo_New_Data_287_0.png" > [247] [248]
File: Umkondo_New_Data_files/Umkondo_New_Data_290_0.png Graphic file (type QTm)


<use  "Umkondo_New_Data_files/Umkondo_New_Data_290_0.png" > [249]
File: Umkondo_New_Data_files/Umkondo_New_Data_293_0.png Graphic file (type QTm)


<use  "Umkondo_New_Data_files/Umkondo_New_Data_293_0.png" > [250] [251]
File: Umkondo_New_Data_files/Umkondo_New_Data_295_0.png Graphic file (type QTm)


<use  "Umkondo_New_Data_files/Umkondo_New_Data_295_0.png" > [252] [253]
File: Umkondo_New_Data_files/Umkondo_New_Data_300_0.png Graphic file (type QTm)


<use  "Umkondo_New_Data_files/Umkondo_New_Data_300_0.png" > [254]
File: Umkondo_New_Data_files/Umkondo_New_Data_303_0.png Graphic file (type QTm)


<use  "Umkondo_New_Data_files/Umkondo_New_Data_303_0.png" > [255] [256]
File: Umkondo_New_Data_files/Umkondo_New_Data_306_0.png Graphic file (type QTm)


<use  "Umkondo_New_Data_files/Umkondo_New_Data_306_0.png" > [257] [258]
File: Umkondo_New_Data_files/Umkondo_New_Data_310_0.png Graphic file (type QTm)


<use  "Umkondo_New_Data_files/Umkondo_New_Data_310_0.png" > [259]
File: Umkondo_New_Data_files/Umkondo_New_Data_313_0.png Graphic file (type QTm)


<use  "Umkondo_New_Data_files/Umkondo_New_Data_313_0.png" > [260]
File: Umkondo_New_Data_files/Umkondo_New_Data_316_0.png Graphic file (type QTm)


<use  "Umkondo_New_Data_files/Umkondo_New_Data_316_0.png" > [261] [262]
[263]
File: Umkondo_New_Data_files/Umkondo_New_Data_322_0.png Graphic file (type QTm)

 <use  "Umkondo_New_Data_files/Umkondo_New_Data_322_0.png" > [264]
File: Umkondo_New_Data_files/Umkondo_New_Data_325_0.png Graphic file (type QTm)


<use  "Umkondo_New_Data_files/Umkondo_New_Data_325_0.png" > [265] [266]
File: Umkondo_New_Data_files/Umkondo_New_Data_328_0.png Graphic file (type QTm)


<use  "Umkondo_New_Data_files/Umkondo_New_Data_328_0.png" > [267]
File: Umkondo_New_Data_files/Umkondo_New_Data_334_0.png Graphic file (type QTm)


<use  "Umkondo_New_Data_files/Umkondo_New_Data_334_0.png" > [268]
File: Umkondo_New_Data_files/Umkondo_New_Data_336_0.png Graphic file (type QTm)


<use  "Umkondo_New_Data_files/Umkondo_New_Data_336_0.png" > [269]
File: Umkondo_New_Data_files/Umkondo_New_Data_339_0.png Graphic file (type QTm)


<use  "Umkondo_New_Data_files/Umkondo_New_Data_339_0.png" > [270] [271]
Overfull \hbox (385.35675pt too wide) in paragraph at lines 8660--8690
[][]  
 []

File: Umkondo_New_Data_files/Umkondo_New_Data_345_0.png Graphic file (type QTm)

<use  "Umkondo_New_Data_files/Umkondo_New_Data_345_0.png" > [272] [273]
[274]
File: Umkondo_New_Data_files/Umkondo_New_Data_350_0.png Graphic file (type QTm)

 <use  "Umkondo_New_Data_files/Umkondo_New_Data_350_0.png" > [275]
File: Umkondo_New_Data_files/Umkondo_New_Data_351_0.png Graphic file (type QTm)


<use  "Umkondo_New_Data_files/Umkondo_New_Data_351_0.png" > [276] [277]
Overfull \hbox (193.89995pt too wide) in paragraph at lines 8865--8881
[][]  
 []

File: Umkondo_New_Data_files/Umkondo_New_Data_356_0.png Graphic file (type QTm)

<use  "Umkondo_New_Data_files/Umkondo_New_Data_356_0.png" > [278]
Overfull \hbox (385.35675pt too wide) in paragraph at lines 8920--8950
[][]  
 []

[279] [280] [281] [282]
Overfull \hbox (490.97102pt too wide) in paragraph at lines 9087--9142
[][]  
 []

[283]
File: Umkondo_New_Data_files/Umkondo_New_Data_365_0.png Graphic file (type QTm)

 <use  "Umkondo_New_Data_files/Umkondo_New_Data_365_0.png" > [284]
File: Umkondo_New_Data_files/Umkondo_New_Data_367_0.png Graphic file (type QTm)


<use  "Umkondo_New_Data_files/Umkondo_New_Data_367_0.png" > [285] [286]
File: Umkondo_New_Data_files/Umkondo_New_Data_371_0.png Graphic file (type QTm)


<use  "Umkondo_New_Data_files/Umkondo_New_Data_371_0.png" > [287] [288]
File: Umkondo_New_Data_files/Umkondo_New_Data_374_0.png Graphic file (type QTm)


<use  "Umkondo_New_Data_files/Umkondo_New_Data_374_0.png" > [289] [290]
File: Umkondo_New_Data_files/Umkondo_New_Data_375_1.png Graphic file (type QTm)


<use  "Umkondo_New_Data_files/Umkondo_New_Data_375_1.png" > [291]
File: Umkondo_New_Data_files/Umkondo_New_Data_378_0.png Graphic file (type QTm)


<use  "Umkondo_New_Data_files/Umkondo_New_Data_378_0.png" > [292] [293]
[294]
File: Umkondo_New_Data_files/Umkondo_New_Data_383_0.png Graphic file (type QTm)

 <use  "Umkondo_New_Data_files/Umkondo_New_Data_383_0.png" > [295]
[296]
File: Umkondo_New_Data_files/Umkondo_New_Data_384_1.png Graphic file (type QTm)

 <use  "Umkondo_New_Data_files/Umkondo_New_Data_384_1.png" > [297]
File: Umkondo_New_Data_files/Umkondo_New_Data_388_2.png Graphic file (type QTm)


<use  "Umkondo_New_Data_files/Umkondo_New_Data_388_2.png" > [298] [299]
[300] [301] [302]
Missing character: There is no ± in font cmr10!
Missing character: There is no ± in font cmr10!
 [303] [304]
File: Umkondo_New_Data_files/Umkondo_New_Data_401_0.png Graphic file (type QTm)


<use  "Umkondo_New_Data_files/Umkondo_New_Data_401_0.png" > [305] [306]
File: Umkondo_New_Data_files/Umkondo_New_Data_405_0.png Graphic file (type QTm)


<use  "Umkondo_New_Data_files/Umkondo_New_Data_405_0.png" > [307]
File: Umkondo_New_Data_files/Umkondo_New_Data_409_0.png Graphic file (type QTm)


<use  "Umkondo_New_Data_files/Umkondo_New_Data_409_0.png" > [308]
Missing character: There is no º in font cmr10!
Missing character: There is no º in font cmr10!
Missing character: There is no º in font cmr10!
Missing character: There is no º in font cmr10!
Missing character: There is no º in font cmr10!
Missing character: There is no º in font cmr10!
 [309]
File: Umkondo_New_Data_files/Umkondo_New_Data_412_0.png Graphic file (type QTm)


<use  "Umkondo_New_Data_files/Umkondo_New_Data_412_0.png" > [310] [311]
[312] 
AED: lastpage setting LastPage
[313]
Package atveryend Info: Empty hook `BeforeClearDocument' on input line 10129.
Package atveryend Info: Empty hook `AfterLastShipout' on input line 10129.

(/Users/Laurentia/0000_Github/2015_Umkondo/Manuscript/Supporting_Information_Fi
les/.texpadtmp/Umkondo2015_supplemental_revised.aux)
Package atveryend Info: Empty hook `AtVeryEndDocument' on input line 10129.
Package atveryend Info: Empty hook `AtEndAfterFileList' on input line 10129.


LaTeX Font Warning: Some font shapes were not available, defaults substituted.


LaTeX Warning: There were multiply-defined labels.

Package atveryend Info: Empty hook `AtVeryVeryEnd' on input line 10129.
 ) 
Here is how much of TeX's memory you used:
 14092 strings out of 493706
 217985 string characters out of 6145769
 345130 words of memory out of 5000000
 17057 multiletter control sequences out of 15000+600000
 11834 words of font info for 45 fonts, out of 8000000 for 9000
 1328 hyphenation exceptions out of 8191
 53i,12n,92p,1221b,479s stack positions out of 5000i,500n,10000p,200000b,80000s

Output written on /Users/Laurentia/0000_Github/2015_Umkondo/Manuscript/Supporti
ng_Information_Files/.texpadtmp/Umkondo2015_supplemental_revised.pdf (313 pages
).
