\BOOKMARK [1][-]{section.1}{Introduction}{}% 1
\BOOKMARK [1][-]{section.2}{Synthesis\040of\040prior\040paleomagnetic\040results\040from\040the\040Umkondo\040Large\040Igneous\040Province}{}% 2
\BOOKMARK [2][-]{subsection.2.1}{Approach\040to\040dealing\040with\040previously\040published\040data}{section.2}% 3
\BOOKMARK [2][-]{subsection.2.2}{Import\040function\040modules}{section.2}% 4
\BOOKMARK [2][-]{subsection.2.3}{Compilation\040from\040Gose\040et\040al.,\040\(2006\)}{section.2}% 5
\BOOKMARK [2][-]{subsection.2.4}{Data\040from\040Seidel\040\(2004\)}{section.2}% 6
\BOOKMARK [3][-]{subsubsection.2.4.1}{W-series\040sites\040of\040Seidel\040\(2004\)}{subsection.2.4}% 7
\BOOKMARK [3][-]{subsubsection.2.4.2}{Add\040W-series\040sites\040to\040compilation\040table}{subsection.2.4}% 8
\BOOKMARK [3][-]{subsubsection.2.4.3}{VF-series\040sites\040of\040Seidel\040\(2004\)}{subsection.2.4}% 9
\BOOKMARK [3][-]{subsubsection.2.4.4}{Timbavati\040Intrusion\040\(TG-series\)\040of\040Seidel\040\(2004\)}{subsection.2.4}% 10
\BOOKMARK [3][-]{subsubsection.2.4.5}{Summary\040For\040All\040Seidel\040\(2004\)\040Cooling\040Units}{subsection.2.4}% 11
\BOOKMARK [2][-]{subsection.2.5}{Data\040from\040Pancake\040\(2001\)}{section.2}% 12
\BOOKMARK [3][-]{subsubsection.2.5.1}{Kgale\040Peak\040Intrusion}{subsection.2.5}% 13
\BOOKMARK [3][-]{subsubsection.2.5.2}{Manyana\040Sill\040\(SW\040Kgale\)}{subsection.2.5}% 14
\BOOKMARK [3][-]{subsubsection.2.5.3}{Moshaneng\040and\040Kanye\040Sills}{subsection.2.5}% 15
\BOOKMARK [3][-]{subsubsection.2.5.4}{JP12\040-\040South\040of\040Kanye}{subsection.2.5}% 16
\BOOKMARK [3][-]{subsubsection.2.5.5}{Molepolole\040Intrusions\040\(JP\(15,\04016,\04018,\04019,\04020,\04021\)\)}{subsection.2.5}% 17
\BOOKMARK [3][-]{subsubsection.2.5.6}{Mosolotsane\0401\040Intrusion}{subsection.2.5}% 18
\BOOKMARK [3][-]{subsubsection.2.5.7}{Shoshong\040Sill}{subsection.2.5}% 19
\BOOKMARK [3][-]{subsubsection.2.5.8}{Mokgware\040intrusions}{subsection.2.5}% 20
\BOOKMARK [3][-]{subsubsection.2.5.9}{Seidel\040\(2004\)\040and\040Pancake\040\(2001\)\040VGP\040calculation}{subsection.2.5}% 21
\BOOKMARK [2][-]{subsection.2.6}{Data\040from\040Jones\040and\040McElhinny\040\(1966\)}{section.2}% 22
\BOOKMARK [2][-]{subsection.2.7}{Data\040from\040McElhinny\040and\040Opdyke\040\(1964\)}{section.2}% 23
\BOOKMARK [2][-]{subsection.2.8}{Data\040from\040Gose\040et\040al.\040\(2006\)}{section.2}% 24
\BOOKMARK [2][-]{subsection.2.9}{Data\040from\040Mare\040et\040al.\040\(2006\)}{section.2}% 25
\BOOKMARK [2][-]{subsection.2.10}{Data\040from\040Wilson\040et\040al.\040\(1987\)}{section.2}% 26
\BOOKMARK [2][-]{subsection.2.11}{Summary\040of\040paleomagnetic\040directions}{section.2}% 27
\BOOKMARK [1][-]{section.3}{Analysis\040of\040new\040paleomagnetic\040data\040from\040the\040Umkondo\040Large\040Igneous\040Province}{}% 28
\BOOKMARK [2][-]{subsection.3.1}{Import\040needed\040modules\040for\040data\040analysis}{section.3}% 29
\BOOKMARK [2][-]{subsection.3.2}{Location\040of\040studied\040sites}{section.3}% 30
\BOOKMARK [3][-]{subsubsection.3.2.1}{Locality\040maps\040of\040sites}{subsection.3.2}% 31
\BOOKMARK [2][-]{subsection.3.3}{Analysis\040of\040demagnetization\040data\040from\040the\040newly\040samples\040sites}{section.3}% 32
\BOOKMARK [2][-]{subsection.3.4}{Data\040Reduction\040and\040Tabulation\040of\040Botswana\040sites}{section.3}% 33
\BOOKMARK [3][-]{subsubsection.3.4.1}{Kgale\040Peak\040Sill\040-\040PW1,\040PW2,\040JP1,\040JP2,\040JP3,\040and\040J_M9}{subsection.3.4}% 34
\BOOKMARK [3][-]{subsubsection.3.4.2}{Manyana\040Sill\040-\040PW3}{subsection.3.4}% 35
\BOOKMARK [3][-]{subsubsection.3.4.3}{Ranku\040Hill\040Sill\040-\040PW4}{subsection.3.4}% 36
\BOOKMARK [3][-]{subsubsection.3.4.4}{Rasemong\040North\040intrusion\040-\040PW5}{subsection.3.4}% 37
\BOOKMARK [3][-]{subsubsection.3.4.5}{Metsemotlhaba\040River\040Sill\040-\040PW6}{subsection.3.4}% 38
\BOOKMARK [3][-]{subsubsection.3.4.6}{Mabogoapitse\040Hill\040Sill\040-\040PW7,PW8}{subsection.3.4}% 39
\BOOKMARK [3][-]{subsubsection.3.4.7}{Semarule\040Hill\040Sill\040-\040PW9}{subsection.3.4}% 40
\BOOKMARK [3][-]{subsubsection.3.4.8}{Rapitsane\040Sill\040-\040PW10}{subsection.3.4}% 41
\BOOKMARK [3][-]{subsubsection.3.4.9}{Suping\040Sill\040-\040PW11,PW12,JP15,JP16}{subsection.3.4}% 42
\BOOKMARK [3][-]{subsubsection.3.4.10}{Gajong\040Donut\040Sill\040-\040PW13}{subsection.3.4}% 43
\BOOKMARK [3][-]{subsubsection.3.4.11}{Mogatelwane\0401\040Sill\040-\040PW14}{subsection.3.4}% 44
\BOOKMARK [3][-]{subsubsection.3.4.12}{Mogatelwane\0402\040Sill\040-\040PW15,PW16,PW17}{subsection.3.4}% 45
\BOOKMARK [3][-]{subsubsection.3.4.13}{Molepolole\040Prison\040Quarry\040Sill\040-\040PW18,PW19}{subsection.3.4}% 46
\BOOKMARK [3][-]{subsubsection.3.4.14}{Lentsweletau\040Sill\040-\040PW20}{subsection.3.4}% 47
\BOOKMARK [3][-]{subsubsection.3.4.15}{Mosolotsane\0401\040Sill\040-\040PW21,PW22,JP22,JP23,JP24}{subsection.3.4}% 48
\BOOKMARK [3][-]{subsubsection.3.4.16}{Mosolotsane\0405\040Sill\040-\040PW23}{subsection.3.4}% 49
\BOOKMARK [3][-]{subsubsection.3.4.17}{Mosolotsane\0404\040Sill\040-\040PW24}{subsection.3.4}% 50
\BOOKMARK [3][-]{subsubsection.3.4.18}{Mosolotsane\0406\040Sill\040-\040PW25}{subsection.3.4}% 51
\BOOKMARK [3][-]{subsubsection.3.4.19}{Mosolotsane\0403\040Sill\040-\040PW26}{subsection.3.4}% 52
\BOOKMARK [3][-]{subsubsection.3.4.20}{Mosolotsane\0402\040Sill\040-\040PW27}{subsection.3.4}% 53
\BOOKMARK [3][-]{subsubsection.3.4.21}{Shoshong\040Sill\040-\040PW28,JP31,JP33,JP34,J_M\(1-6\)}{subsection.3.4}% 54
\BOOKMARK [3][-]{subsubsection.3.4.22}{Phage\040Sill\040-\040PW29}{subsection.3.4}% 55
\BOOKMARK [3][-]{subsubsection.3.4.23}{Moijabana\040Sill\040-\040PW30}{subsection.3.4}% 56
\BOOKMARK [3][-]{subsubsection.3.4.24}{Mokgware\040Sill\040-\040PW31,\040JP30}{subsection.3.4}% 57
\BOOKMARK [3][-]{subsubsection.3.4.25}{Sepatamorire\040Hill\040Sill\040-\040PW32}{subsection.3.4}% 58
\BOOKMARK [3][-]{subsubsection.3.4.26}{Palapye\040Dike\040-\040PW33}{subsection.3.4}% 59
\BOOKMARK [3][-]{subsubsection.3.4.27}{AF\040data}{subsection.3.4}% 60
\BOOKMARK [3][-]{subsubsection.3.4.28}{Masama\0401\040Sill\040-\040PW34}{subsection.3.4}% 61
\BOOKMARK [3][-]{subsubsection.3.4.29}{Masama\0403\040Sill\040-\040PW35\040and\040PW37}{subsection.3.4}% 62
\BOOKMARK [3][-]{subsubsection.3.4.30}{Masama\0402\040Sill\040-\040PW36}{subsection.3.4}% 63
\BOOKMARK [3][-]{subsubsection.3.4.31}{Dibete\040Kop\040Sill\040-\040PW38}{subsection.3.4}% 64
\BOOKMARK [3][-]{subsubsection.3.4.32}{Marseilles\040Hill\040Sill\040-\040PW39}{subsection.3.4}% 65
\BOOKMARK [3][-]{subsubsection.3.4.33}{Sepitswane\040Sill\040-\040PW40}{subsection.3.4}% 66
\BOOKMARK [2][-]{subsection.3.5}{Botswana\040Umkondo\040summary\040\(Thermal/AF\040demagnetization\040results\040combined\040with\040existing\040data\040from\040the\040same\040intrusions\)}{section.3}% 67
\BOOKMARK [2][-]{subsection.3.6}{Low\040Temperature\040Magnetizations\040from\040New\040Umkondo\040Sites}{section.3}% 68
\BOOKMARK [2][-]{subsection.3.7}{Unknown\040and\040Older\040Directions\040\(from\040Gose\040et\040al.\040\(2006\)\040and\040this\040study\)}{section.3}% 69
\BOOKMARK [1][-]{section.4}{Umkondo\040synthesis\040and\040grand\040mean\040pole}{}% 70
\BOOKMARK [2][-]{subsection.4.1}{Polarity\040of\040VGPs}{section.4}% 71
\BOOKMARK [3][-]{subsubsection.4.1.1}{Calculating\040poles\040by\040polarity}{subsection.4.1}% 72
\BOOKMARK [3][-]{subsubsection.4.1.2}{Comparison\040between\040the\040two\040polarities}{subsection.4.1}% 73
\BOOKMARK [3][-]{subsubsection.4.1.3}{Watson\040common\040mean\040test\040of\040R\040and\040N\040Umkondo\040data\040in\040directional\040space}{subsection.4.1}% 74
\BOOKMARK [3][-]{subsubsection.4.1.4}{Plotting\040up\040mean\040poles\040and\040generating\040Table\0402\040of\040main\040manuscript}{subsection.4.1}% 75
\BOOKMARK [3][-]{subsubsection.4.1.5}{Comparing\040VGPs\040between\040sills\040and\040dikes}{subsection.4.1}% 76
\BOOKMARK [3][-]{subsubsection.4.1.6}{Calculate\040scatter\040values,\040S_\173w\175,\040for\040each\040VGP\040used\040in\040this\040study,\040according\040to\040Biggin\040\(2008\)}{subsection.4.1}% 77
\BOOKMARK [3][-]{subsubsection.4.1.7}{Elongation\040and\040Inclination\040-\040comparison\040to\040TK03\040model}{subsection.4.1}% 78
\BOOKMARK [3][-]{subsubsection.4.1.8}{Data\040from\040the\040Ethiopian\040Traps}{subsection.4.1}% 79
\BOOKMARK [2][-]{subsection.4.2}{Cooling\040unit\040map\040-\040consolidated\040locality\040map\040\(used\040for\040locality\040map\040in\040main\040text\)}{section.4}% 80
\BOOKMARK [2][-]{subsection.4.3}{Kalahari\040and\040Grunehogna\040\(crustal\040province\040in\040Antarctica\)}{section.4}% 81
\BOOKMARK [1][-]{section.5}{Works\040Cited\040in\040Supporting\040Information}{}% 82
